This is pdfTeX, Version 3.14159265-2.6-1.40.18 (TeX Live 2017) (preloaded format=pdflatex 2017.5.23)  6 DEC 2017 18:43
entering extended mode
 restricted \write18 enabled.
 %&-line parsing enabled.
**project-final-report.tex
(./project-final-report.tex
LaTeX2e <2017-04-15>
Babel <3.10> and hyphenation patterns for 84 language(s) loaded.
(/usr/local/texlive/2017/texmf-dist/tex/latex/base/article.cls
Document Class: article 2014/09/29 v1.4h Standard LaTeX document class
(/usr/local/texlive/2017/texmf-dist/tex/latex/base/size10.clo
File: size10.clo 2014/09/29 v1.4h Standard LaTeX file (size option)
)
\c@part=\count79
\c@section=\count80
\c@subsection=\count81
\c@subsubsection=\count82
\c@paragraph=\count83
\c@subparagraph=\count84
\c@figure=\count85
\c@table=\count86
\abovecaptionskip=\skip41
\belowcaptionskip=\skip42
\bibindent=\dimen102
)
(/usr/local/texlive/2017/texmf-dist/tex/latex/geometry/geometry.sty
Package: geometry 2010/09/12 v5.6 Page Geometry

(/usr/local/texlive/2017/texmf-dist/tex/latex/graphics/keyval.sty
Package: keyval 2014/10/28 v1.15 key=value parser (DPC)
\KV@toks@=\toks14
)
(/usr/local/texlive/2017/texmf-dist/tex/generic/oberdiek/ifpdf.sty
Package: ifpdf 2017/03/15 v3.2 Provides the ifpdf switch
)
(/usr/local/texlive/2017/texmf-dist/tex/generic/oberdiek/ifvtex.sty
Package: ifvtex 2016/05/16 v1.6 Detect VTeX and its facilities (HO)
Package ifvtex Info: VTeX not detected.
)
(/usr/local/texlive/2017/texmf-dist/tex/generic/ifxetex/ifxetex.sty
Package: ifxetex 2010/09/12 v0.6 Provides ifxetex conditional
)
\Gm@cnth=\count87
\Gm@cntv=\count88
\c@Gm@tempcnt=\count89
\Gm@bindingoffset=\dimen103
\Gm@wd@mp=\dimen104
\Gm@odd@mp=\dimen105
\Gm@even@mp=\dimen106
\Gm@layoutwidth=\dimen107
\Gm@layoutheight=\dimen108
\Gm@layouthoffset=\dimen109
\Gm@layoutvoffset=\dimen110
\Gm@dimlist=\toks15
)
(/usr/local/texlive/2017/texmf-dist/tex/latex/booktabs/booktabs.sty
Package: booktabs 2016/04/27 v1.618033 publication quality tables
\heavyrulewidth=\dimen111
\lightrulewidth=\dimen112
\cmidrulewidth=\dimen113
\belowrulesep=\dimen114
\belowbottomsep=\dimen115
\aboverulesep=\dimen116
\abovetopsep=\dimen117
\cmidrulesep=\dimen118
\cmidrulekern=\dimen119
\defaultaddspace=\dimen120
\@cmidla=\count90
\@cmidlb=\count91
\@aboverulesep=\dimen121
\@belowrulesep=\dimen122
\@thisruleclass=\count92
\@lastruleclass=\count93
\@thisrulewidth=\dimen123
)
(/usr/local/texlive/2017/texmf-dist/tex/latex/listings/listings.sty
\lst@mode=\count94
\lst@gtempboxa=\box26
\lst@token=\toks16
\lst@length=\count95
\lst@currlwidth=\dimen124
\lst@column=\count96
\lst@pos=\count97
\lst@lostspace=\dimen125
\lst@width=\dimen126
\lst@newlines=\count98
\lst@lineno=\count99
\lst@maxwidth=\dimen127

(/usr/local/texlive/2017/texmf-dist/tex/latex/listings/lstmisc.sty
File: lstmisc.sty 2015/06/04 1.6 (Carsten Heinz)
\c@lstnumber=\count100
\lst@skipnumbers=\count101
\lst@framebox=\box27
)
(/usr/local/texlive/2017/texmf-dist/tex/latex/listings/listings.cfg
File: listings.cfg 2015/06/04 1.6 listings configuration
))
Package: listings 2015/06/04 1.6 (Carsten Heinz)

(/usr/local/texlive/2017/texmf-dist/tex/latex/makecell/makecell.sty
Package: makecell 2009/08/03 V0.1e Managing of Tab Column Heads and Cells

(/usr/local/texlive/2017/texmf-dist/tex/latex/tools/array.sty
Package: array 2016/10/06 v2.4d Tabular extension package (FMi)
\col@sep=\dimen128
\extrarowheight=\dimen129
\NC@list=\toks17
\extratabsurround=\skip43
\backup@length=\skip44
)
\rotheadsize=\dimen130
\c@nlinenum=\count102
\TeXr@lab=\toks18
)
(/usr/local/texlive/2017/texmf-dist/tex/latex/graphics/graphicx.sty
Package: graphicx 2014/10/28 v1.0g Enhanced LaTeX Graphics (DPC,SPQR)

(/usr/local/texlive/2017/texmf-dist/tex/latex/graphics/graphics.sty
Package: graphics 2017/04/14 v1.1b Standard LaTeX Graphics (DPC,SPQR)

(/usr/local/texlive/2017/texmf-dist/tex/latex/graphics/trig.sty
Package: trig 2016/01/03 v1.10 sin cos tan (DPC)
)
(/usr/local/texlive/2017/texmf-dist/tex/latex/graphics-cfg/graphics.cfg
File: graphics.cfg 2016/06/04 v1.11 sample graphics configuration
)
Package graphics Info: Driver file: pdftex.def on input line 99.

(/usr/local/texlive/2017/texmf-dist/tex/latex/graphics-def/pdftex.def
File: pdftex.def 2017/01/12 v0.06k Graphics/color for pdfTeX

(/usr/local/texlive/2017/texmf-dist/tex/generic/oberdiek/infwarerr.sty
Package: infwarerr 2016/05/16 v1.4 Providing info/warning/error messages (HO)
)
(/usr/local/texlive/2017/texmf-dist/tex/generic/oberdiek/ltxcmds.sty
Package: ltxcmds 2016/05/16 v1.23 LaTeX kernel commands for general use (HO)
)
\Gread@gobject=\count103
))
\Gin@req@height=\dimen131
\Gin@req@width=\dimen132
)
(/usr/local/texlive/2017/texmf-dist/tex/latex/amsmath/amsmath.sty
Package: amsmath 2016/11/05 v2.16a AMS math features
\@mathmargin=\skip45

For additional information on amsmath, use the `?' option.
(/usr/local/texlive/2017/texmf-dist/tex/latex/amsmath/amstext.sty
Package: amstext 2000/06/29 v2.01 AMS text

(/usr/local/texlive/2017/texmf-dist/tex/latex/amsmath/amsgen.sty
File: amsgen.sty 1999/11/30 v2.0 generic functions
\@emptytoks=\toks19
\ex@=\dimen133
))
(/usr/local/texlive/2017/texmf-dist/tex/latex/amsmath/amsbsy.sty
Package: amsbsy 1999/11/29 v1.2d Bold Symbols
\pmbraise@=\dimen134
)
(/usr/local/texlive/2017/texmf-dist/tex/latex/amsmath/amsopn.sty
Package: amsopn 2016/03/08 v2.02 operator names
)
\inf@bad=\count104
LaTeX Info: Redefining \frac on input line 213.
\uproot@=\count105
\leftroot@=\count106
LaTeX Info: Redefining \overline on input line 375.
\classnum@=\count107
\DOTSCASE@=\count108
LaTeX Info: Redefining \ldots on input line 472.
LaTeX Info: Redefining \dots on input line 475.
LaTeX Info: Redefining \cdots on input line 596.
\Mathstrutbox@=\box28
\strutbox@=\box29
\big@size=\dimen135
LaTeX Font Info:    Redeclaring font encoding OML on input line 712.
LaTeX Font Info:    Redeclaring font encoding OMS on input line 713.
\macc@depth=\count109
\c@MaxMatrixCols=\count110
\dotsspace@=\muskip10
\c@parentequation=\count111
\dspbrk@lvl=\count112
\tag@help=\toks20
\row@=\count113
\column@=\count114
\maxfields@=\count115
\andhelp@=\toks21
\eqnshift@=\dimen136
\alignsep@=\dimen137
\tagshift@=\dimen138
\tagwidth@=\dimen139
\totwidth@=\dimen140
\lineht@=\dimen141
\@envbody=\toks22
\multlinegap=\skip46
\multlinetaggap=\skip47
\mathdisplay@stack=\toks23
LaTeX Info: Redefining \[ on input line 2817.
LaTeX Info: Redefining \] on input line 2818.
)
(/usr/local/texlive/2017/texmf-dist/tex/latex/caption/subcaption.sty
Package: subcaption 2016/05/22 v1.1-161 Sub-captions (AR)

(/usr/local/texlive/2017/texmf-dist/tex/latex/caption/caption.sty
Package: caption 2016/02/21 v3.3-144 Customizing captions (AR)

(/usr/local/texlive/2017/texmf-dist/tex/latex/caption/caption3.sty
Package: caption3 2016/05/22 v1.7-166 caption3 kernel (AR)
Package caption3 Info: TeX engine: e-TeX on input line 67.
\captionmargin=\dimen142
\captionmargin@=\dimen143
\captionwidth=\dimen144
\caption@tempdima=\dimen145
\caption@indent=\dimen146
\caption@parindent=\dimen147
\caption@hangindent=\dimen148
)
\c@ContinuedFloat=\count116
Package caption Info: listings package is loaded.
)
\c@subfigure=\count117
\c@subtable=\count118
)
(./project-final-report.aux)
\openout1 = `project-final-report.aux'.

LaTeX Font Info:    Checking defaults for OML/cmm/m/it on input line 16.
LaTeX Font Info:    ... okay on input line 16.
LaTeX Font Info:    Checking defaults for T1/cmr/m/n on input line 16.
LaTeX Font Info:    ... okay on input line 16.
LaTeX Font Info:    Checking defaults for OT1/cmr/m/n on input line 16.
LaTeX Font Info:    ... okay on input line 16.
LaTeX Font Info:    Checking defaults for OMS/cmsy/m/n on input line 16.
LaTeX Font Info:    ... okay on input line 16.
LaTeX Font Info:    Checking defaults for OMX/cmex/m/n on input line 16.
LaTeX Font Info:    ... okay on input line 16.
LaTeX Font Info:    Checking defaults for U/cmr/m/n on input line 16.
LaTeX Font Info:    ... okay on input line 16.

*geometry* driver: auto-detecting
*geometry* detected driver: pdftex
*geometry* verbose mode - [ preamble ] result:
* driver: pdftex
* paper: letterpaper
* layout: <same size as paper>
* layoutoffset:(h,v)=(0.0pt,0.0pt)
* modes: 
* h-part:(L,W,R)=(86.72377pt, 440.84746pt, 86.72377pt)
* v-part:(T,H,B)=(86.72377pt, 621.52245pt, 86.72377pt)
* \paperwidth=614.295pt
* \paperheight=794.96999pt
* \textwidth=440.84746pt
* \textheight=621.52245pt
* \oddsidemargin=14.45378pt
* \evensidemargin=14.45378pt
* \topmargin=-22.54622pt
* \headheight=12.0pt
* \headsep=25.0pt
* \topskip=10.0pt
* \footskip=30.0pt
* \marginparwidth=65.0pt
* \marginparsep=11.0pt
* \columnsep=10.0pt
* \skip\footins=9.0pt plus 4.0pt minus 2.0pt
* \hoffset=0.0pt
* \voffset=0.0pt
* \mag=1000
* \@twocolumnfalse
* \@twosidefalse
* \@mparswitchfalse
* \@reversemarginfalse
* (1in=72.27pt=25.4mm, 1cm=28.453pt)

\c@lstlisting=\count119
(/usr/local/texlive/2017/texmf-dist/tex/context/base/mkii/supp-pdf.mkii
[Loading MPS to PDF converter (version 2006.09.02).]
\scratchcounter=\count120
\scratchdimen=\dimen149
\scratchbox=\box30
\nofMPsegments=\count121
\nofMParguments=\count122
\everyMPshowfont=\toks24
\MPscratchCnt=\count123
\MPscratchDim=\dimen150
\MPnumerator=\count124
\makeMPintoPDFobject=\count125
\everyMPtoPDFconversion=\toks25
) (/usr/local/texlive/2017/texmf-dist/tex/generic/oberdiek/pdftexcmds.sty
Package: pdftexcmds 2017/03/19 v0.25 Utility functions of pdfTeX for LuaTeX (HO
)

(/usr/local/texlive/2017/texmf-dist/tex/generic/oberdiek/ifluatex.sty
Package: ifluatex 2016/05/16 v1.4 Provides the ifluatex switch (HO)
Package ifluatex Info: LuaTeX not detected.
)
Package pdftexcmds Info: LuaTeX not detected.
Package pdftexcmds Info: \pdf@primitive is available.
Package pdftexcmds Info: \pdf@ifprimitive is available.
Package pdftexcmds Info: \pdfdraftmode found.
)
(/usr/local/texlive/2017/texmf-dist/tex/latex/oberdiek/epstopdf-base.sty
Package: epstopdf-base 2016/05/15 v2.6 Base part for package epstopdf

(/usr/local/texlive/2017/texmf-dist/tex/latex/oberdiek/grfext.sty
Package: grfext 2016/05/16 v1.2 Manage graphics extensions (HO)

(/usr/local/texlive/2017/texmf-dist/tex/generic/oberdiek/kvdefinekeys.sty
Package: kvdefinekeys 2016/05/16 v1.4 Define keys (HO)
))
(/usr/local/texlive/2017/texmf-dist/tex/latex/oberdiek/kvoptions.sty
Package: kvoptions 2016/05/16 v3.12 Key value format for package options (HO)

(/usr/local/texlive/2017/texmf-dist/tex/generic/oberdiek/kvsetkeys.sty
Package: kvsetkeys 2016/05/16 v1.17 Key value parser (HO)

(/usr/local/texlive/2017/texmf-dist/tex/generic/oberdiek/etexcmds.sty
Package: etexcmds 2016/05/16 v1.6 Avoid name clashes with e-TeX commands (HO)
Package etexcmds Info: Could not find \expanded.
(etexcmds)             That can mean that you are not using pdfTeX 1.50 or
(etexcmds)             that some package has redefined \expanded.
(etexcmds)             In the latter case, load this package earlier.
)))
Package epstopdf-base Info: Redefining graphics rule for `.eps' on input line 4
38.
Package grfext Info: Graphics extension search list:
(grfext)             [.png,.pdf,.jpg,.mps,.jpeg,.jbig2,.jb2,.PNG,.PDF,.JPG,.JPE
G,.JBIG2,.JB2,.eps]
(grfext)             \AppendGraphicsExtensions on input line 456.

(/usr/local/texlive/2017/texmf-dist/tex/latex/latexconfig/epstopdf-sys.cfg
File: epstopdf-sys.cfg 2010/07/13 v1.3 Configuration of (r)epstopdf for TeX Liv
e
))
Package caption Info: Begin \AtBeginDocument code.
Package caption Info: End \AtBeginDocument code.

! Misplaced \noalign.
\toprule ->\noalign 
                    {\ifnum 0=`}\fi \@aboverulesep =\abovetopsep \global \@b...
l.44     \toprule
                 
? 
! Misplaced \noalign.
\bottomrule ->\noalign 
                       {\ifnum 0=`}\fi \@aboverulesep =\aboverulesep \global...
l.57     \bottomrule
                    
? 

Overfull \hbox (16.38113pt too wide) in paragraph at lines 45--58
 [] 
 []


Overfull \hbox (16.38113pt too wide) in paragraph at lines 45--58
 [] 
 []


Overfull \hbox (22.5701pt too wide) in paragraph at lines 65--66
\OT1/cmr/m/n/10 We used im-ple-men-ta-tion of the fast gra-di-ent sign method a
nd saliency map method from the CleverHans[[]]. 
 []

LaTeX Font Info:    Try loading font information for OMS+cmr on input line 78.
(/usr/local/texlive/2017/texmf-dist/tex/latex/base/omscmr.fd
File: omscmr.fd 2014/09/29 v2.5h Standard LaTeX font definitions
)
LaTeX Font Info:    Font shape `OMS/cmr/m/n' in size <10> not available
(Font)              Font shape `OMS/cmsy/m/n' tried instead on input line 78.


! LaTeX Error: Environment tablenotes undefined.

See the LaTeX manual or LaTeX Companion for explanation.
Type  H <return>  for immediate help.
 ...                                              
                                                  
l.86 \begin{tablenotes}
                       
? 

! LaTeX Error: Lonely \item--perhaps a missing list environment.

See the LaTeX manual or LaTeX Companion for explanation.
Type  H <return>  for immediate help.
 ...                                              
                                                  
l.87     \item \S
                 : Accuracy of models in Section 4.1, 4.2, 4.3, 5.1; \P: Acc...

? 

! LaTeX Error: \begin{table} on input line 72 ended by \end{tablenotes}.

See the LaTeX manual or LaTeX Companion for explanation.
Type  H <return>  for immediate help.
 ...                                              
                                                  
l.88 \end{tablenotes}
                     
? 
[1

{/usr/local/texlive/2017/texmf-var/fonts/map/pdftex/updmap/pdftex.map}]
<images/fgsm.png, id=15, 964.60374pt x 539.01375pt>
File: images/fgsm.png Graphic file (type png)
 <use images/fgsm.png>
Package pdftex.def Info: images/fgsm.png used on input line 121.
(pdftex.def)             Requested size: 216.01767pt x 120.70535pt.

<images/jsma.png, id=16, 956.57375pt x 516.93124pt>
File: images/jsma.png Graphic file (type png)
 <use images/jsma.png>
Package pdftex.def Info: images/jsma.png used on input line 126.
(pdftex.def)             Requested size: 216.01767pt x 116.73044pt.

[2] <image2/2a.png, id=20, 555.07375pt x 425.59pt>
File: image2/2a.png Graphic file (type png)
 <use image2/2a.png>
Package pdftex.def Info: image2/2a.png used on input line 163.
(pdftex.def)             Requested size: 216.01767pt x 165.62875pt.

<image2/2b.png, id=22, 552.0625pt x 443.6575pt>
File: image2/2b.png Graphic file (type png)
 <use image2/2b.png>
Package pdftex.def Info: image2/2b.png used on input line 168.
(pdftex.def)             Requested size: 216.01767pt x 173.60114pt.


LaTeX Warning: `!h' float specifier changed to `!ht'.


Overfull \hbox (1.25066pt too wide) in paragraph at lines 177--179
\OT1/cmr/m/n/10 Also, com-par-ing to mod-els trained with datasets con-tain-ing
 noisy back-grounds (GT-SRB10 and SVHN),
 []

<image2/3blackbox.png, id=23, 591.20876pt x 422.57875pt>
File: image2/3blackbox.png Graphic file (type png)

<use image2/3blackbox.png>
Package pdftex.def Info: image2/3blackbox.png used on input line 182.
(pdftex.def)             Requested size: 216.01767pt x 154.39793pt.


LaTeX Warning: `!h' float specifier changed to `!ht'.

[3 <./images/fgsm.png (PNG copy)> <./images/jsma.png (PNG copy)>] [4 <./image2/
2a.png> <./image2/2b.png> <./image2/3blackbox.png>]
<images/eps0.1/sucrate-cgtsrb10-0.1.png, id=34, 462.528pt x 346.896pt>
File: images/eps0.1/sucrate-cgtsrb10-0.1.png Graphic file (type png)

<use images/eps0.1/sucrate-cgtsrb10-0.1.png>
Package pdftex.def Info: images/eps0.1/sucrate-cgtsrb10-0.1.png used on input l
ine 225.
(pdftex.def)             Requested size: 132.25557pt x 99.18927pt.

<images/eps0.3/sucrate-cgtsrb10-0.3.png, id=35, 462.528pt x 346.896pt>
File: images/eps0.3/sucrate-cgtsrb10-0.3.png Graphic file (type png)

<use images/eps0.3/sucrate-cgtsrb10-0.3.png>
Package pdftex.def Info: images/eps0.3/sucrate-cgtsrb10-0.3.png used on input l
ine 229.
(pdftex.def)             Requested size: 132.25557pt x 99.18927pt.

<images/eps0.5/sucrate-cgtsrb10-0.5.png, id=36, 462.528pt x 346.896pt>
File: images/eps0.5/sucrate-cgtsrb10-0.5.png Graphic file (type png)

<use images/eps0.5/sucrate-cgtsrb10-0.5.png>
Package pdftex.def Info: images/eps0.5/sucrate-cgtsrb10-0.5.png used on input l
ine 233.
(pdftex.def)             Requested size: 132.25557pt x 99.18927pt.

<images/eps0.1/sucrate-fmnist-0.1.png, id=37, 462.528pt x 346.896pt>
File: images/eps0.1/sucrate-fmnist-0.1.png Graphic file (type png)

<use images/eps0.1/sucrate-fmnist-0.1.png>
Package pdftex.def Info: images/eps0.1/sucrate-fmnist-0.1.png used on input lin
e 238.
(pdftex.def)             Requested size: 132.25557pt x 99.18927pt.

<images/eps0.3/sucrate-fmnist-0.3.png, id=38, 462.528pt x 346.896pt>
File: images/eps0.3/sucrate-fmnist-0.3.png Graphic file (type png)

<use images/eps0.3/sucrate-fmnist-0.3.png>
Package pdftex.def Info: images/eps0.3/sucrate-fmnist-0.3.png used on input lin
e 242.
(pdftex.def)             Requested size: 132.25557pt x 99.18927pt.

<images/eps0.5/sucrate-fmnist-0.5.png, id=39, 462.528pt x 346.896pt>
File: images/eps0.5/sucrate-fmnist-0.5.png Graphic file (type png)

<use images/eps0.5/sucrate-fmnist-0.5.png>
Package pdftex.def Info: images/eps0.5/sucrate-fmnist-0.5.png used on input lin
e 246.
(pdftex.def)             Requested size: 132.25557pt x 99.18927pt.

<image2/5a.png, id=40, 578.16pt x 472.76625pt>
File: image2/5a.png Graphic file (type png)
 <use image2/5a.png>
Package pdftex.def Info: image2/5a.png used on input line 266.
(pdftex.def)             Requested size: 216.01767pt x 176.63766pt.

<image2/5b.png, id=41, 583.17876pt x 440.64626pt>
File: image2/5b.png Graphic file (type png)
 <use image2/5b.png>
Package pdftex.def Info: image2/5b.png used on input line 271.
(pdftex.def)             Requested size: 216.01767pt x 163.2181pt.


LaTeX Warning: `!h' float specifier changed to `!ht'.

Missing character: There is no â in font cmr10!
Missing character: There is no € in font cmr10!
Missing character: There is no ™ in font cmr10!
[5 <./images/eps0.1/sucrate-cgtsrb10-0.1.png> <./images/eps0.3/sucrate-cgtsrb10
-0.3.png> <./images/eps0.5/sucrate-cgtsrb10-0.5.png> <./images/eps0.1/sucrate-f
mnist-0.1.png> <./images/eps0.3/sucrate-fmnist-0.3.png> <./images/eps0.5/sucrat
e-fmnist-0.5.png>] <image2/6a_mnist.png, id=52, 462.528pt x 346.896pt>
File: image2/6a_mnist.png Graphic file (type png)

<use image2/6a_mnist.png>
Package pdftex.def Info: image2/6a_mnist.png used on input line 292.
(pdftex.def)             Requested size: 216.01767pt x 162.01425pt.
 <image2/6b_gtsrb.png, id=53, 462.528pt x 346.896pt>
File: image2/6b_gtsrb.png Graphic file (type png)

<use image2/6b_gtsrb.png>
Package pdftex.def Info: image2/6b_gtsrb.png used on input line 296.
(pdftex.def)             Requested size: 216.01767pt x 162.01425pt.
 [6 <./image2/5a.png> <./image2/5b.png> <./image2/6a_mnist.png> <./image2/6b_gt
srb.png>]
<image2/7a_mnist_by_class.png, id=61, 462.528pt x 346.896pt>
File: image2/7a_mnist_by_class.png Graphic file (type png)

<use image2/7a_mnist_by_class.png>
Package pdftex.def Info: image2/7a_mnist_by_class.png used on input line 314.
(pdftex.def)             Requested size: 216.01767pt x 162.01425pt.

<image2/7b_mnist_by_epsilon.png, id=62, 462.528pt x 346.896pt>
File: image2/7b_mnist_by_epsilon.png Graphic file (type png)

<use image2/7b_mnist_by_epsilon.png>
Package pdftex.def Info: image2/7b_mnist_by_epsilon.png used on input line 319.

(pdftex.def)             Requested size: 216.01767pt x 162.01425pt.

<image2/7c_mnist_specific_class.png, id=63, 462.528pt x 346.896pt>
File: image2/7c_mnist_specific_class.png Graphic file (type png)

<use image2/7c_mnist_specific_class.png>
Package pdftex.def Info: image2/7c_mnist_specific_class.png used on input line 
324.
(pdftex.def)             Requested size: 216.01767pt x 162.01425pt.
 [7 <./image2/7a_mnist_by_class.png> <./image2/7b_mnist_by_epsilon.png> <./imag
e2/7c_mnist_specific_class.png>]
[8] (./project-final-report.aux) ) 
Here is how much of TeX's memory you used:
 5301 strings out of 492995
 79830 string characters out of 6132704
 157878 words of memory out of 5000000
 8768 multiletter control sequences out of 15000+600000
 10506 words of font info for 38 fonts, out of 8000000 for 9000
 1141 hyphenation exceptions out of 8191
 42i,11n,40p,347b,478s stack positions out of 5000i,500n,10000p,200000b,80000s
</usr/local/texlive/2017/texmf-dist/fonts/typ
e1/public/amsfonts/cm/cmbx12.pfb></usr/local/texlive/2017/texmf-dist/fonts/type
1/public/amsfonts/cm/cmbx9.pfb></usr/local/texlive/2017/texmf-dist/fonts/type1/
public/amsfonts/cm/cmmi10.pfb></usr/local/texlive/2017/texmf-dist/fonts/type1/p
ublic/amsfonts/cm/cmmi7.pfb></usr/local/texlive/2017/texmf-dist/fonts/type1/pub
lic/amsfonts/cm/cmmi9.pfb></usr/local/texlive/2017/texmf-dist/fonts/type1/publi
c/amsfonts/cm/cmr10.pfb></usr/local/texlive/2017/texmf-dist/fonts/type1/public/
amsfonts/cm/cmr12.pfb></usr/local/texlive/2017/texmf-dist/fonts/type1/public/am
sfonts/cm/cmr17.pfb></usr/local/texlive/2017/texmf-dist/fonts/type1/public/amsf
onts/cm/cmr9.pfb></usr/local/texlive/2017/texmf-dist/fonts/type1/public/amsfont
s/cm/cmsy10.pfb></usr/local/texlive/2017/texmf-dist/fonts/type1/public/amsfonts
/cm/cmti10.pfb>
Output written on project-final-report.pdf (8 pages, 1068736 bytes).
PDF statistics:
 110 PDF objects out of 1000 (max. 8388607)
 54 compressed objects within 1 object stream
 0 named destinations out of 1000 (max. 500000)
 91 words of extra memory for PDF output out of 10000 (max. 10000000)

